<?xml version="1.0" encoding="UTF-8"?>
<!-- Generated by org.testng.reporters.JUnitXMLReporter -->
<testsuite ignored="0" hostname="Satyam" failures="0" tests="3" name="Default test" time="10.468" errors="0" timestamp="2021-02-09T19:04:39 IST">
  <testcase classname="Base.CutomizeTestNGCucmberRunner" name="runScenario" time="0.782"/>
  <testcase classname="Base.CutomizeTestNGCucmberRunner" name="runScenario" time="0.36"/>
  <testcase classname="Base.CutomizeTestNGCucmberRunner" name="runScenario" time="0.35"/>
</testsuite> <!-- Default test -->
