<?xml version="1.0" encoding="UTF-8"?>
<testng-results ignored="0" total="3" passed="3" failed="0" skipped="0">
  <reporter-output>
  </reporter-output>
  <suite started-at="2021-02-09T19:04:28 IST" name="Default suite" finished-at="2021-02-09T19:04:39 IST" duration-ms="10468">
    <groups>
      <group name="cucumber">
        <method signature="CutomizeTestNGCucmberRunner.runScenario(io.cucumber.testng.PickleWrapper, io.cucumber.testng.FeatureWrapper)[pri:0, instance:Runner.Runner@2ea41516]" name="runScenario" class="Base.CutomizeTestNGCucmberRunner"/>
      </group> <!-- cucumber -->
    </groups>
    <test started-at="2021-02-09T19:04:28 IST" name="Default test" finished-at="2021-02-09T19:04:39 IST" duration-ms="10468">
      <class name="Runner.Runner">
        <test-method is-config="true" signature="CreateDriver()[pri:0, instance:Runner.Runner@2ea41516]" started-at="2021-02-09T19:04:21 IST" name="CreateDriver" finished-at="2021-02-09T19:04:28 IST" duration-ms="7784" status="PASS">
          <reporter-output>
          </reporter-output>
        </test-method> <!-- CreateDriver -->
        <test-method is-config="true" signature="setUpClass()[pri:0, instance:Runner.Runner@2ea41516]" started-at="2021-02-09T19:04:29 IST" name="setUpClass" finished-at="2021-02-09T19:04:30 IST" duration-ms="1766" status="PASS">
          <reporter-output>
          </reporter-output>
        </test-method> <!-- setUpClass -->
        <test-method signature="runScenario(io.cucumber.testng.PickleWrapper, io.cucumber.testng.FeatureWrapper)[pri:0, instance:Runner.Runner@2ea41516]" started-at="2021-02-09T19:04:30 IST" name="runScenario" description="Runs Cucumber Scenarios" data-provider="scenarios" finished-at="2021-02-09T19:04:31 IST" duration-ms="782" status="PASS">
          <params>
            <param index="0">
              <value>
                <![CDATA["I am scenariou A"]]>
              </value>
            </param>
            <param index="1">
              <value>
                <![CDATA["Optional[Testing the transfer scenarious]"]]>
              </value>
            </param>
          </params>
          <reporter-output>
          </reporter-output>
        </test-method> <!-- runScenario -->
        <test-method signature="runScenario(io.cucumber.testng.PickleWrapper, io.cucumber.testng.FeatureWrapper)[pri:0, instance:Runner.Runner@2ea41516]" started-at="2021-02-09T19:04:31 IST" name="runScenario" description="Runs Cucumber Scenarios" data-provider="scenarios" finished-at="2021-02-09T19:04:31 IST" duration-ms="360" status="PASS">
          <params>
            <param index="0">
              <value>
                <![CDATA["I am scenariou B"]]>
              </value>
            </param>
            <param index="1">
              <value>
                <![CDATA["Optional[Testing the transfer scenarious]"]]>
              </value>
            </param>
          </params>
          <reporter-output>
          </reporter-output>
        </test-method> <!-- runScenario -->
        <test-method signature="runScenario(io.cucumber.testng.PickleWrapper, io.cucumber.testng.FeatureWrapper)[pri:0, instance:Runner.Runner@2ea41516]" started-at="2021-02-09T19:04:31 IST" name="runScenario" description="Runs Cucumber Scenarios" data-provider="scenarios" finished-at="2021-02-09T19:04:32 IST" duration-ms="350" status="PASS">
          <params>
            <param index="0">
              <value>
                <![CDATA["I am scenariou C"]]>
              </value>
            </param>
            <param index="1">
              <value>
                <![CDATA["Optional[Testing the transfer scenarious]"]]>
              </value>
            </param>
          </params>
          <reporter-output>
          </reporter-output>
        </test-method> <!-- runScenario -->
        <test-method is-config="true" signature="tearDownClass()[pri:0, instance:Runner.Runner@2ea41516]" started-at="2021-02-09T19:04:32 IST" name="tearDownClass" finished-at="2021-02-09T19:04:39 IST" duration-ms="7146" status="PASS">
          <reporter-output>
          </reporter-output>
        </test-method> <!-- tearDownClass -->
        <test-method is-config="true" signature="afterSuite()[pri:0, instance:Runner.Runner@2ea41516]" started-at="2021-02-09T19:04:39 IST" name="afterSuite" finished-at="2021-02-09T19:04:40 IST" duration-ms="1083" status="PASS">
          <reporter-output>
          </reporter-output>
        </test-method> <!-- afterSuite -->
      </class> <!-- Runner.Runner -->
    </test> <!-- Default test -->
  </suite> <!-- Default suite -->
</testng-results>
